<?xml version="1.0" encoding="UTF-8"?>
<!-- Generated by org.testng.reporters.JUnitXMLReporter -->
<testsuite hostname="LAPTOP-7FV8CN9S" ignored="2" name="test group execution" tests="2" failures="0" timestamp="16 Jul 2020 12:28:47 GMT" time="0.045" errors="0">
  <testcase name="Commingbaby" time="0.004" classname="practiceselenium.GroupExecution"/>
  <testcase name="Siku" time="0.002" classname="practiceselenium.GroupExecution"/>
  <testcase name="Rajeev" time="0.0" classname="practiceselenium.GroupExecution">
    <ignored/>
  </testcase> <!-- Rajeev -->
  <testcase name="Enoch" time="0.0" classname="practiceselenium.GroupExecution">
    <ignored/>
  </testcase> <!-- Enoch -->
</testsuite> <!-- test group execution -->
